w_warehousekey             w_name                       w_capacity                     w_suppkey                     s_nationkey          
             1 Supplier#000000001___PERU                 2021                              1                             17
             2 Supplier#000000001___PERU                 2021                              1                             17
             3 Supplier#000000002___ETHIOPIA                 2021                              2                              5
             4 Supplier#000000002___ETHIOPIA                 2021                              2                              5
             5 Supplier#000000003___ARGENTINA                 2021                              3                              1
             6 Supplier#000000003___ARGENTINA                 2021                              3                              1
             7 Supplier#000000004___MOROCCO                 2021                              4                             15
             8 Supplier#000000004___MOROCCO                 2021                              4                             15
             9 Supplier#000000005___IRAQ                 2021                              5                             11
            10 Supplier#000000005___IRAQ                 2021                              5                             11
            11 Supplier#000000006___KENYA                 2021                              6                             14
            12 Supplier#000000006___KENYA                 2021                              6                             14
            13 Supplier#000000007___UNITED KINGDOM                 2021                              7                             23
            14 Supplier#000000007___UNITED KINGDOM                 2021                              7                             23
            15 Supplier#000000008___PERU                 2021                              8                             17
            16 Supplier#000000008___PERU                 2021                              8                             17
            17 Supplier#000000009___IRAN                 2021                              9                             10
            18 Supplier#000000009___IRAN                 2021                              9                             10
            19 Supplier#000000010___UNITED STATES                 2021                             10                             24
            20 Supplier#000000010___UNITED STATES                 2021                             10                             24
            21 Supplier#000000011___CHINA                 2021                             11                             18
            22 Supplier#000000011___CHINA                 2021                             11                             18
            23 Supplier#000000012___INDIA                 2021                             12                              8
            24 Supplier#000000012___INDIA                 2021                             12                              8
            25 Supplier#000000013___CANADA                 2021                             13                              3
            26 Supplier#000000013___CANADA                 2021                             13                              3
            27 Supplier#000000014___MOROCCO                 2021                             14                             15
            28 Supplier#000000014___MOROCCO                 2021                             14                             15
            29 Supplier#000000015___INDIA                 2021                             15                              8
            30 Supplier#000000015___INDIA                 2021                             15                              8
            31 Supplier#000000016___RUSSIA                 2021                             16                             22
            32 Supplier#000000016___RUSSIA                 2021                             16                             22
            33 Supplier#000000017___ROMANIA                 2021                             17                             19
            34 Supplier#000000017___ROMANIA                 2021                             17                             19
            35 Supplier#000000018___MOZAMBIQUE                 2021                             18                             16
            36 Supplier#000000018___MOZAMBIQUE                 2021                             18                             16
            37 Supplier#000000019___UNITED STATES                 2021                             19                             24
            38 Supplier#000000019___UNITED STATES                 2021                             19                             24
            39 Supplier#000000020___CANADA                 2021                             20                              3
            40 Supplier#000000020___CANADA                 2021                             20                              3
            41 Supplier#000000021___BRAZIL                 2021                             21                              2
            42 Supplier#000000021___BRAZIL                 2021                             21                              2
            43 Supplier#000000022___EGYPT                 2021                             22                              4
            44 Supplier#000000022___EGYPT                 2021                             22                              4
            45 Supplier#000000023___INDONESIA                 2021                             23                              9
            46 Supplier#000000023___INDONESIA                 2021                             23                              9
            47 Supplier#000000024___ALGERIA                 2021                             24                              0
            48 Supplier#000000024___ALGERIA                 2021                             24                              0
            49 Supplier#000000025___RUSSIA                 2021                             25                             22
            50 Supplier#000000025___RUSSIA                 2021                             25                             22
            51 Supplier#000000026___VIETNAM                 2021                             26                             21
            52 Supplier#000000026___VIETNAM                 2021                             26                             21
            53 Supplier#000000027___CHINA                 2021                             27                             18
            54 Supplier#000000027___CHINA                 2021                             27                             18
            55 Supplier#000000028___ALGERIA                 2021                             28                              0
            56 Supplier#000000028___ALGERIA                 2021                             28                              0
            57 Supplier#000000029___ARGENTINA                 2021                             29                              1
            58 Supplier#000000029___ARGENTINA                 2021                             29                              1
            59 Supplier#000000030___MOZAMBIQUE                 2021                             30                             16
            60 Supplier#000000030___MOZAMBIQUE                 2021                             30                             16
            61 Supplier#000000031___MOZAMBIQUE                 2021                             31                             16
            62 Supplier#000000031___MOZAMBIQUE                 2021                             31                             16
            63 Supplier#000000032___UNITED KINGDOM                 2021                             32                             23
            64 Supplier#000000032___UNITED KINGDOM                 2021                             32                             23
            65 Supplier#000000033___GERMANY                 2021                             33                              7
            66 Supplier#000000033___GERMANY                 2021                             33                              7
            67 Supplier#000000034___IRAN                 2021                             34                             10
            68 Supplier#000000034___IRAN                 2021                             34                             10
            69 Supplier#000000035___VIETNAM                 2021                             35                             21
            70 Supplier#000000035___VIETNAM                 2021                             35                             21
            71 Supplier#000000036___JORDAN                 2021                             36                             13
            72 Supplier#000000036___JORDAN                 2021                             36                             13
            73 Supplier#000000037___ALGERIA                 2021                             37                              0
            74 Supplier#000000037___ALGERIA                 2021                             37                              0
            75 Supplier#000000038___EGYPT                 2021                             38                              4
            76 Supplier#000000038___EGYPT                 2021                             38                              4
            77 Supplier#000000039___INDIA                 2021                             39                              8
            78 Supplier#000000039___INDIA                 2021                             39                              8
            79 Supplier#000000040___RUSSIA                 2021                             40                             22
            80 Supplier#000000040___RUSSIA                 2021                             40                             22
            81 Supplier#000000041___CHINA                 2021                             41                             18
            82 Supplier#000000041___CHINA                 2021                             41                             18
            83 Supplier#000000042___RUSSIA                 2021                             42                             22
            84 Supplier#000000042___RUSSIA                 2021                             42                             22
            85 Supplier#000000043___JAPAN                 2021                             43                             12
            86 Supplier#000000043___JAPAN                 2021                             43                             12
            87 Supplier#000000044___GERMANY                 2021                             44                              7
            88 Supplier#000000044___GERMANY                 2021                             44                              7
            89 Supplier#000000045___INDONESIA                 2021                             45                              9
            90 Supplier#000000045___INDONESIA                 2021                             45                              9
            91 Supplier#000000046___UNITED STATES                 2021                             46                             24
            92 Supplier#000000046___UNITED STATES                 2021                             46                             24
            93 Supplier#000000047___KENYA                 2021                             47                             14
            94 Supplier#000000047___KENYA                 2021                             47                             14
            95 Supplier#000000048___KENYA                 2021                             48                             14
            96 Supplier#000000048___KENYA                 2021                             48                             14
            97 Supplier#000000049___UNITED STATES                 2021                             49                             24
            98 Supplier#000000049___UNITED STATES                 2021                             49                             24
            99 Supplier#000000050___INDONESIA                 2021                             50                              9
           100 Supplier#000000050___INDONESIA                 2021                             50                              9
           101 Supplier#000000051___INDONESIA                 2021                             51                              9
           102 Supplier#000000051___INDONESIA                 2021                             51                              9
           103 Supplier#000000052___ROMANIA                 2021                             52                             19
           104 Supplier#000000052___ROMANIA                 2021                             52                             19
           105 Supplier#000000053___GERMANY                 2021                             53                              7
           106 Supplier#000000053___GERMANY                 2021                             53                              7
           107 Supplier#000000054___JAPAN                 2021                             54                             12
           108 Supplier#000000054___JAPAN                 2021                             54                             12
           109 Supplier#000000055___UNITED STATES                 2021                             55                             24
           110 Supplier#000000055___UNITED STATES                 2021                             55                             24
           111 Supplier#000000056___MOZAMBIQUE                 2021                             56                             16
           112 Supplier#000000056___MOZAMBIQUE                 2021                             56                             16
           113 Supplier#000000057___PERU                 2021                             57                             17
           114 Supplier#000000057___PERU                 2021                             57                             17
           115 Supplier#000000058___MOZAMBIQUE                 2021                             58                             16
           116 Supplier#000000058___MOZAMBIQUE                 2021                             58                             16
           117 Supplier#000000059___PERU                 2021                             59                             17
           118 Supplier#000000059___PERU                 2021                             59                             17
           119 Supplier#000000060___INDIA                 2021                             60                              8
           120 Supplier#000000060___INDIA                 2021                             60                              8
           121 Supplier#000000061___INDIA                 2021                             61                              8
           122 Supplier#000000061___INDIA                 2021                             61                              8
           123 Supplier#000000062___ROMANIA                 2021                             62                             19
           124 Supplier#000000062___ROMANIA                 2021                             62                             19
           125 Supplier#000000063___ETHIOPIA                 2021                             63                              5
           126 Supplier#000000063___ETHIOPIA                 2021                             63                              5
           127 Supplier#000000064___UNITED STATES                 2021                             64                             24
           128 Supplier#000000064___UNITED STATES                 2021                             64                             24
           129 Supplier#000000065___RUSSIA                 2021                             65                             22
           130 Supplier#000000065___RUSSIA                 2021                             65                             22
           131 Supplier#000000066___UNITED KINGDOM                 2021                             66                             23
           132 Supplier#000000066___UNITED KINGDOM                 2021                             66                             23
           133 Supplier#000000067___EGYPT                 2021                             67                              4
           134 Supplier#000000067___EGYPT                 2021                             67                              4
           135 Supplier#000000068___VIETNAM                 2021                             68                             21
           136 Supplier#000000068___VIETNAM                 2021                             68                             21
           137 Supplier#000000069___EGYPT                 2021                             69                              4
           138 Supplier#000000069___EGYPT                 2021                             69                              4
           139 Supplier#000000070___FRANCE                 2021                             70                              6
           140 Supplier#000000070___FRANCE                 2021                             70                              6
           141 Supplier#000000071___ARGENTINA                 2021                             71                              1
           142 Supplier#000000071___ARGENTINA                 2021                             71                              1
           143 Supplier#000000072___CHINA                 2021                             72                             18
           144 Supplier#000000072___CHINA                 2021                             72                             18
           145 Supplier#000000073___MOZAMBIQUE                 2021                             73                             16
           146 Supplier#000000073___MOZAMBIQUE                 2021                             73                             16
           147 Supplier#000000074___SAUDI ARABIA                 2021                             74                             20
           148 Supplier#000000074___SAUDI ARABIA                 2021                             74                             20
           149 Supplier#000000075___CHINA                 2021                             75                             18
           150 Supplier#000000075___CHINA                 2021                             75                             18
           151 Supplier#000000076___KENYA                 2021                             76                             14
           152 Supplier#000000076___KENYA                 2021                             76                             14
           153 Supplier#000000077___GERMANY                 2021                             77                              7
           154 Supplier#000000077___GERMANY                 2021                             77                              7
           155 Supplier#000000078___ETHIOPIA                 2021                             78                              5
           156 Supplier#000000078___ETHIOPIA                 2021                             78                              5
           157 Supplier#000000079___KENYA                 2021                             79                             14
           158 Supplier#000000079___KENYA                 2021                             79                             14
           159 Supplier#000000080___VIETNAM                 2021                             80                             21
           160 Supplier#000000080___VIETNAM                 2021                             80                             21
           161 Supplier#000000081___JAPAN                 2021                             81                             12
           162 Supplier#000000081___JAPAN                 2021                             81                             12
           163 Supplier#000000082___CHINA                 2021                             82                             18
           164 Supplier#000000082___CHINA                 2021                             82                             18
           165 Supplier#000000083___KENYA                 2021                             83                             14
           166 Supplier#000000083___KENYA                 2021                             83                             14
           167 Supplier#000000084___UNITED STATES                 2021                             84                             24
           168 Supplier#000000084___UNITED STATES                 2021                             84                             24
           169 Supplier#000000085___GERMANY                 2021                             85                              7
           170 Supplier#000000085___GERMANY                 2021                             85                              7
           171 Supplier#000000086___ROMANIA                 2021                             86                             19
           172 Supplier#000000086___ROMANIA                 2021                             86                             19
           173 Supplier#000000087___UNITED STATES                 2021                             87                             24
           174 Supplier#000000087___UNITED STATES                 2021                             87                             24
           175 Supplier#000000088___IRAQ                 2021                             88                             11
           176 Supplier#000000088___IRAQ                 2021                             88                             11
           177 Supplier#000000089___INDONESIA                 2021                             89                              9
           178 Supplier#000000089___INDONESIA                 2021                             89                              9
           179 Supplier#000000090___FRANCE                 2021                             90                              6
           180 Supplier#000000090___FRANCE                 2021                             90                              6
           181 Supplier#000000091___CANADA                 2021                             91                              3
           182 Supplier#000000091___CANADA                 2021                             91                              3
           183 Supplier#000000092___BRAZIL                 2021                             92                              2
           184 Supplier#000000092___BRAZIL                 2021                             92                              2
           185 Supplier#000000093___MOZAMBIQUE                 2021                             93                             16
           186 Supplier#000000093___MOZAMBIQUE                 2021                             93                             16
           187 Supplier#000000094___EGYPT                 2021                             94                              4
           188 Supplier#000000094___EGYPT                 2021                             94                              4
           189 Supplier#000000095___ROMANIA                 2021                             95                             19
           190 Supplier#000000095___ROMANIA                 2021                             95                             19
           191 Supplier#000000096___JAPAN                 2021                             96                             12
           192 Supplier#000000096___JAPAN                 2021                             96                             12
           193 Supplier#000000097___EGYPT                 2021                             97                              4
           194 Supplier#000000097___EGYPT                 2021                             97                              4
           195 Supplier#000000098___VIETNAM                 2021                             98                             21
           196 Supplier#000000098___VIETNAM                 2021                             98                             21
           197 Supplier#000000099___CHINA                 2021                             99                             18
           198 Supplier#000000099___CHINA                 2021                             99                             18
           199 Supplier#000000100___VIETNAM                 2021                            100                             21
           200 Supplier#000000100___VIETNAM                 2021                            100                             21
